<?xml version="1.0" encoding="UTF-8"?>
<!-- Generated by org.testng.reporters.JUnitReportReporter -->
<testsuite hostname="Swyams-MBP" failures="0" tests="1" name="com.MavenProject_v1.testCase.TC01_Login" time="1.938" errors="0" timestamp="2020-01-29T11:07:48 AEDT" skipped="0">
  <testcase classname="com.MavenProject_v1.testCase.TC01_Login" name="loginTest" time="1.938"/>
</testsuite> <!-- com.MavenProject_v1.testCase.TC01_Login -->
